2018-01-29 10:44:00,394 INFO  [CreateSQA] Initiate the Browser 
2018-01-29 10:44:03,749 INFO  [CreateSQA] Navigate to CDS Login page 
2018-01-29 10:44:42,950 INFO  [CreateSQA] Creating Questions for the Chapter : My House 
2018-01-29 10:45:07,928 INFO  [CreateSQA] Question No. 1 has been created...... 
2018-01-29 10:45:27,893 INFO  [CreateSQA] Question No. 2 has been created...... 
2018-01-29 10:45:47,570 INFO  [CreateSQA] Question No. 3 has been created...... 
2018-01-29 10:46:06,847 INFO  [CreateSQA] Question No. 4 has been created...... 
2018-01-29 10:46:25,996 INFO  [CreateSQA] Question No. 5 has been created...... 
2018-01-29 10:46:43,885 INFO  [CreateSQA] Question No. 6 has been created...... 
2018-01-29 10:47:02,532 INFO  [CreateSQA] Question No. 7 has been created...... 
2018-01-29 10:47:24,201 INFO  [CreateSQA] Question No. 8 has been created...... 
2018-01-29 10:47:43,492 INFO  [CreateSQA] Question No. 9 has been created...... 
2018-01-29 10:48:00,847 INFO  [CreateSQA] Question No. 10 has been created...... 
2018-01-29 10:48:03,998 INFO  [CreateSQA] Question Set is created.....  
2018-01-29 10:48:25,074 INFO  [CreateSQA] Creating Questions for the Chapter : Good Manners And Habits 
2018-01-29 10:48:51,198 INFO  [CreateSQA] Question No. 1 has been created...... 
2018-01-29 10:49:10,199 INFO  [CreateSQA] Question No. 2 has been created...... 
2018-01-29 10:49:28,614 INFO  [CreateSQA] Question No. 3 has been created...... 
2018-01-29 10:49:46,152 INFO  [CreateSQA] Question No. 4 has been created...... 
2018-01-29 10:50:28,020 INFO  [CreateSQA] Question No. 5 has been created...... 
2018-01-29 10:50:48,030 INFO  [CreateSQA] Question No. 6 has been created...... 
2018-01-29 10:51:07,134 INFO  [CreateSQA] Question No. 7 has been created...... 
2018-01-29 10:51:24,750 INFO  [CreateSQA] Question No. 8 has been created...... 
2018-01-29 10:51:37,688 INFO  [CreateSQA] Question Set is created.....  
2018-01-29 10:51:53,036 INFO  [CreateSQA] Creating Questions for the Chapter : Colours 
2018-01-29 10:52:17,612 INFO  [CreateSQA] Question No. 1 has been created...... 
2018-01-29 10:52:38,355 INFO  [CreateSQA] Question No. 2 has been created...... 
2018-01-29 10:52:58,585 INFO  [CreateSQA] Question No. 3 has been created...... 
2018-01-29 10:53:19,035 INFO  [CreateSQA] Question No. 4 has been created...... 
2018-01-29 10:53:38,599 INFO  [CreateSQA] Question No. 5 has been created...... 
2018-01-29 10:53:56,511 INFO  [CreateSQA] Question No. 6 has been created...... 
2018-01-29 10:54:16,030 INFO  [CreateSQA] Question No. 7 has been created...... 
2018-01-29 10:54:37,250 INFO  [CreateSQA] Question No. 8 has been created...... 
2018-01-29 10:54:58,401 INFO  [CreateSQA] Question No. 9 has been created...... 
2018-01-29 10:55:18,220 INFO  [CreateSQA] Question No. 10 has been created...... 
2018-01-29 10:55:22,351 INFO  [CreateSQA] Question Set is created.....  
2018-01-29 10:57:48,210 INFO  [CreateSQA] Initiate the Browser 
2018-01-29 10:57:52,883 INFO  [CreateSQA] Navigate to CDS Login page 
2018-01-29 10:58:28,601 INFO  [CreateSQA] Creating Questions for the Chapter : My House 
2018-01-29 10:58:54,610 INFO  [CreateSQA] Question No. 1 has been created...... 
2018-01-29 10:59:16,283 INFO  [CreateSQA] Question No. 2 has been created...... 
2018-01-29 10:59:38,479 INFO  [CreateSQA] Question No. 3 has been created...... 
2018-01-29 10:59:59,363 INFO  [CreateSQA] Question No. 4 has been created...... 
2018-01-29 11:00:18,333 INFO  [CreateSQA] Question No. 5 has been created...... 
2018-01-29 11:00:35,817 INFO  [CreateSQA] Question No. 6 has been created...... 
2018-01-29 11:00:54,870 INFO  [CreateSQA] Question No. 7 has been created...... 
2018-01-29 11:01:14,563 INFO  [CreateSQA] Question No. 8 has been created...... 
2018-01-29 11:01:33,725 INFO  [CreateSQA] Question No. 9 has been created...... 
2018-01-29 11:01:51,307 INFO  [CreateSQA] Question No. 10 has been created...... 
2018-01-29 11:01:54,213 INFO  [CreateSQA] Question Set is created.....  
2018-01-29 11:02:36,069 INFO  [CreateSQA] Creating Questions for the Chapter : Good Manners And Habits 
2018-01-29 11:03:00,828 INFO  [CreateSQA] Question No. 1 has been created...... 
2018-01-29 11:03:20,572 INFO  [CreateSQA] Question No. 2 has been created...... 
2018-01-29 11:08:07,237 INFO  [CreateSQA] Initiate the Browser 
2018-01-29 11:08:10,788 INFO  [CreateSQA] Navigate to CDS Login page 
2018-01-29 11:08:50,826 INFO  [CreateSQA] Creating Questions for the Chapter : Good Manners And Habits 
2018-01-29 11:09:17,474 INFO  [CreateSQA] Question No. 1 has been created...... 
2018-01-29 11:09:38,343 INFO  [CreateSQA] Question No. 2 has been created...... 
2018-01-29 11:09:58,834 INFO  [CreateSQA] Question No. 3 has been created...... 
2018-01-29 11:10:19,464 INFO  [CreateSQA] Question No. 4 has been created...... 
2018-01-29 11:10:38,342 INFO  [CreateSQA] Question No. 5 has been created...... 
2018-01-29 11:10:55,738 INFO  [CreateSQA] Question No. 6 has been created...... 
2018-01-29 11:11:14,613 INFO  [CreateSQA] Question No. 7 has been created...... 
2018-01-29 11:11:33,671 INFO  [CreateSQA] Question No. 8 has been created...... 
2018-01-29 11:11:52,758 INFO  [CreateSQA] Question No. 9 has been created...... 
2018-01-29 11:12:10,761 INFO  [CreateSQA] Question No. 10 has been created...... 
2018-01-29 11:12:14,254 INFO  [CreateSQA] Question Set is created.....  
2018-01-29 11:12:31,976 INFO  [CreateSQA] Creating Questions for the Chapter : My House 
2018-01-29 11:12:57,235 INFO  [CreateSQA] Question No. 1 has been created...... 
2018-01-29 11:13:16,817 INFO  [CreateSQA] Question No. 2 has been created...... 
2018-01-29 11:13:35,634 INFO  [CreateSQA] Question No. 3 has been created...... 
2018-01-29 11:13:54,128 INFO  [CreateSQA] Question No. 4 has been created...... 
2018-01-29 11:14:12,615 INFO  [CreateSQA] Question No. 5 has been created...... 
2018-01-29 11:14:29,809 INFO  [CreateSQA] Question No. 6 has been created...... 
2018-01-29 11:14:48,306 INFO  [CreateSQA] Question No. 7 has been created...... 
2018-01-29 11:15:10,612 INFO  [CreateSQA] Question No. 8 has been created...... 
2018-01-29 11:15:29,409 INFO  [CreateSQA] Question No. 9 has been created...... 
2018-01-29 11:15:46,368 INFO  [CreateSQA] Question No. 10 has been created...... 
2018-01-29 11:15:48,974 INFO  [CreateSQA] Question Set is created.....  
2018-01-29 11:16:05,912 INFO  [CreateSQA] Creating Questions for the Chapter : Colours 
2018-01-29 11:16:29,270 INFO  [CreateSQA] Question No. 1 has been created...... 
2018-01-29 11:16:48,867 INFO  [CreateSQA] Question No. 2 has been created...... 
2018-01-29 11:17:08,292 INFO  [CreateSQA] Question No. 3 has been created...... 
2018-01-29 11:17:28,361 INFO  [CreateSQA] Question No. 4 has been created...... 
2018-01-29 11:17:46,793 INFO  [CreateSQA] Question No. 5 has been created...... 
2018-01-29 11:18:03,774 INFO  [CreateSQA] Question No. 6 has been created...... 
2018-01-29 11:18:22,759 INFO  [CreateSQA] Question No. 7 has been created...... 
2018-01-29 11:18:42,851 INFO  [CreateSQA] Question No. 8 has been created...... 
2018-01-29 11:19:01,195 INFO  [CreateSQA] Question No. 9 has been created...... 
2018-01-29 11:19:18,405 INFO  [CreateSQA] Question No. 10 has been created...... 
2018-01-29 11:19:21,051 INFO  [CreateSQA] Question Set is created.....  
2018-01-31 16:28:10,431 INFO  [CreateSQA] Initiate the Browser 
2018-01-31 16:28:20,784 INFO  [CreateSQA] Navigate to CDS Login page 
2018-01-31 16:30:15,195 INFO  [CreateSQA] Initiate the Browser 
2018-01-31 16:30:26,160 INFO  [CreateSQA] Navigate to CDS Login page 
2018-01-31 16:31:28,707 INFO  [CreateSQA] Creating Questions for the Chapter : Rhymes 
2018-01-31 16:38:17,091 INFO  [CreateSQA] Initiate the Browser 
2018-01-31 16:38:24,419 INFO  [CreateSQA] Navigate to CDS Login page 
2018-01-31 16:39:36,763 INFO  [CreateSQA] Creating Questions for the Chapter : Rhymes 
2018-01-31 16:49:28,505 INFO  [CreateSQA] Initiate the Browser 
2018-01-31 16:49:32,448 INFO  [CreateSQA] Navigate to CDS Login page 
2018-01-31 16:50:07,992 INFO  [CreateSQA] Creating Questions for the Chapter : Rhymes 
2018-01-31 16:59:29,532 INFO  [CreateSQA] Initiate the Browser 
2018-01-31 16:59:32,910 INFO  [CreateSQA] Navigate to CDS Login page 
2018-01-31 17:00:09,856 INFO  [CreateSQA] Creating Questions for the Chapter : Rhymes 
2018-01-31 17:04:28,966 INFO  [CreateSQA] Initiate the Browser 
2018-01-31 17:04:35,696 INFO  [CreateSQA] Navigate to CDS Login page 
2018-01-31 17:05:24,404 INFO  [CreateSQA] Creating Questions for the Chapter : Rhymes 
2018-01-31 17:11:44,966 INFO  [CreateSQA] Initiate the Browser 
2018-01-31 17:11:51,341 INFO  [CreateSQA] Navigate to CDS Login page 
2018-01-31 17:12:24,023 INFO  [CreateSQA] Creating Questions for the Chapter : Rhymes 
2018-01-31 17:25:00,586 INFO  [CreateSQA] Initiate the Browser 
2018-01-31 17:25:15,523 INFO  [CreateSQA] Navigate to CDS Login page 
2018-01-31 17:26:04,170 INFO  [CreateSQA] Creating Questions for the Chapter : Rhymes 
2018-01-31 17:31:45,572 INFO  [CreateSQA] Initiate the Browser 
2018-01-31 17:31:52,562 INFO  [CreateSQA] Navigate to CDS Login page 
2018-01-31 17:32:26,208 INFO  [CreateSQA] Creating Questions for the Chapter : Rhymes 
2018-01-31 17:33:15,582 INFO  [CreateSQA] Question No. 1 has been created...... 
2018-01-31 17:33:17,598 INFO  [CreateSQA] Question Set is created.....  
2018-01-31 17:45:59,438 INFO  [CreateSQA] Initiate the Browser 
2018-01-31 17:46:03,196 INFO  [CreateSQA] Navigate to CDS Login page 
2018-01-31 17:46:36,032 INFO  [CreateSQA] Creating Questions for the Chapter : Rhymes 
2018-01-31 17:47:19,228 INFO  [CreateSQA] Question No. 1 has been created...... 
2018-01-31 17:47:36,279 INFO  [CreateSQA] Question No. 2 has been created...... 
2018-01-31 17:47:37,891 INFO  [CreateSQA] Question Set is created.....  
2018-01-31 17:53:19,425 INFO  [CreateSQA] Initiate the Browser 
2018-01-31 17:53:22,712 INFO  [CreateSQA] Navigate to CDS Login page 
2018-01-31 17:54:04,315 INFO  [CreateSQA] Creating Questions for the Chapter : Rhymes 
2018-01-31 17:54:37,480 INFO  [CreateSQA] Question Image is for Question No. 1 has been successfully uploaded...... 
2018-01-31 17:54:56,026 INFO  [CreateSQA] Question No. 1 has been created...... 
2018-01-31 17:55:13,569 INFO  [CreateSQA] Question No. 2 has been created...... 
2018-01-31 17:55:15,494 INFO  [CreateSQA] Question Set is created.....  
2018-02-01 11:23:40,947 INFO  [CreateSQA] Initiate the Browser 
2018-02-01 11:23:44,238 INFO  [CreateSQA] Navigate to CDS Login page 
2018-02-01 11:24:17,371 INFO  [CreateSQA] Creating Questions for the Chapter : Rhymes 
2018-02-01 11:24:58,146 INFO  [CreateSQA] Question Image is for Question No. 1 has been successfully uploaded...... 
2018-02-01 11:25:15,381 INFO  [CreateSQA] Question No. 1 has been created...... 
2018-02-01 11:25:31,847 INFO  [CreateSQA] Question No. 2 has been created...... 
2018-02-01 11:25:33,465 INFO  [CreateSQA] Question Set is created.....  
2018-02-01 11:43:16,548 INFO  [CreateSQA] Initiate the Browser 
2018-02-01 11:43:21,680 INFO  [CreateSQA] Navigate to CDS Login page 
2018-02-01 11:44:17,409 INFO  [CreateSQA] Creating Questions for the Chapter : Rhymes 
2018-02-01 11:44:53,887 INFO  [CreateSQA] Question Image is for Question No. 1 has been successfully uploaded...... 
2018-02-01 11:45:20,112 INFO  [CreateSQA] Question No. 1 has been created...... 
2018-02-01 11:45:39,128 INFO  [CreateSQA] Question No. 2 has been created...... 
2018-02-01 11:45:41,546 INFO  [CreateSQA] Question Set is created.....  
2018-02-01 11:57:12,425 INFO  [CreateSQA] Initiate the Browser 
2018-02-01 11:57:19,109 INFO  [CreateSQA] Navigate to CDS Login page 
2018-02-01 11:58:00,355 INFO  [CreateSQA] Creating Questions for the Chapter : Rhymes 
2018-02-01 11:58:35,766 INFO  [CreateSQA] Question Image is for Question No. 1 has been successfully uploaded...... 
2018-02-01 12:03:22,743 INFO  [CreateSQA] Initiate the Browser 
2018-02-01 12:03:25,895 INFO  [CreateSQA] Navigate to CDS Login page 
2018-02-01 12:03:58,949 INFO  [CreateSQA] Creating Questions for the Chapter : Rhymes 
2018-02-01 12:04:30,750 INFO  [CreateSQA] Question Image is for Question No. 1 has been successfully uploaded...... 
2018-02-01 12:04:53,859 INFO  [CreateSQA] Question No. 1 has been created...... 
2018-02-01 12:05:10,454 INFO  [CreateSQA] Question No. 2 has been created...... 
2018-02-01 12:05:11,986 INFO  [CreateSQA] Question Set is created.....  
2018-02-01 12:11:40,898 INFO  [CreateSQA] Initiate the Browser 
2018-02-01 12:11:49,797 INFO  [CreateSQA] Navigate to CDS Login page 
2018-02-01 12:12:37,161 INFO  [CreateSQA] Creating Questions for the Chapter : Rhymes 
2018-02-01 12:13:17,618 INFO  [CreateSQA] Question Image is for Question No. 1 has been successfully uploaded...... 
2018-02-01 12:13:45,409 INFO  [CreateSQA] Question No. 1 has been created...... 
2018-02-01 12:14:01,556 INFO  [CreateSQA] Question No. 2 has been created...... 
2018-02-01 12:14:03,125 INFO  [CreateSQA] Question Set is created.....  
2018-02-01 12:23:46,496 INFO  [CreateSQA] Initiate the Browser 
2018-02-01 12:23:57,454 INFO  [CreateSQA] Navigate to CDS Login page 
2018-02-01 12:24:45,360 INFO  [CreateSQA] Creating Questions for the Chapter : Rhymes 
2018-02-01 12:25:33,956 INFO  [CreateSQA] Question Image is for Question No. 1 has been successfully uploaded...... 
2018-02-01 12:26:00,940 INFO  [CreateSQA] Question No. 1 has been created...... 
2018-02-01 12:26:20,769 INFO  [CreateSQA] Question No. 2 has been created...... 
2018-02-01 12:26:24,672 INFO  [CreateSQA] Question Set is created.....  
2018-02-01 12:34:52,721 INFO  [CreateSQA] Initiate the Browser 
2018-02-01 12:34:55,619 INFO  [CreateSQA] Navigate to CDS Login page 
2018-02-01 12:35:32,552 INFO  [CreateSQA] Creating Questions for the Chapter : Rhymes 
2018-02-01 12:36:06,719 INFO  [CreateSQA] Question Image is for Question No. 1 has been successfully uploaded...... 
2018-02-01 12:36:31,096 INFO  [CreateSQA] Question No. 1 has been created...... 
2018-02-01 12:36:48,724 INFO  [CreateSQA] Question No. 2 has been created...... 
2018-02-01 12:36:50,821 INFO  [CreateSQA] Question Set is created.....  
2018-02-01 12:39:12,830 INFO  [CreateSQA] Initiate the Browser 
2018-02-01 12:39:17,601 INFO  [CreateSQA] Navigate to CDS Login page 
2018-02-01 12:39:52,319 INFO  [CreateSQA] Creating Questions for the Chapter : Rhymes 
2018-02-01 12:40:26,687 INFO  [CreateSQA] Question Image is for Question No. 1 has been successfully uploaded...... 
2018-02-01 12:40:56,579 INFO  [CreateSQA] Question No. 1 has been created...... 
2018-02-01 12:41:14,114 INFO  [CreateSQA] Question No. 2 has been created...... 
2018-02-01 12:41:17,026 INFO  [CreateSQA] Question Set is created.....  
2018-02-01 13:01:54,597 INFO  [CreateSQA] Initiate the Browser 
2018-02-01 13:02:03,295 INFO  [CreateSQA] Navigate to CDS Login page 
2018-02-01 13:02:44,644 INFO  [CreateSQA] Creating Questions for the Chapter : Rhymes 
2018-02-01 13:03:17,009 INFO  [CreateSQA] Question Image is for Question No. 1 has been successfully uploaded...... 
2018-02-01 13:03:42,799 INFO  [CreateSQA] Question No. 1 has been created...... 
2018-02-01 13:04:07,894 INFO  [CreateSQA] Question Image is for Question No. 2 has been successfully uploaded...... 
2018-02-01 13:04:31,131 INFO  [CreateSQA] Question No. 2 has been created...... 
2018-02-01 13:04:33,082 INFO  [CreateSQA] Question Set is created.....  
2018-02-01 14:42:25,261 INFO  [CreateSQA] Initiate the Browser 
2018-02-01 14:42:31,187 INFO  [CreateSQA] Navigate to CDS Login page 
2018-02-01 14:43:12,644 INFO  [CreateSQA] Creating Questions for the Chapter : Rhymes 
2018-02-01 14:43:50,001 INFO  [CreateSQA] Question Image is for Question No. 1 has been successfully uploaded...... 
2018-02-01 14:44:14,427 INFO  [CreateSQA] Question No. 1 has been created...... 
2018-02-01 14:44:39,600 INFO  [CreateSQA] Question Image is for Question No. 2 has been successfully uploaded...... 
2018-02-01 14:45:03,461 INFO  [CreateSQA] Question No. 2 has been created...... 
2018-02-01 14:45:05,022 INFO  [CreateSQA] Question Set is created.....  
2018-02-02 17:39:08,086 INFO  [CreateSQA] Initiate the Browser 
2018-02-02 17:39:20,775 INFO  [CreateSQA] Navigate to CDS Login page 
2018-02-05 12:10:22,425 INFO  [CreateSQA] Initiate the Browser 
2018-02-05 12:14:36,881 INFO  [CreateSQA] Navigate to CDS Login page 
2018-02-05 12:24:52,849 INFO  [CreateSQA] Initiate the Browser 
2018-02-05 12:25:13,117 INFO  [CreateSQA] Navigate to CDS Login page 
2018-02-05 12:26:49,733 INFO  [CreateSQA] Creating Questions for the Chapter : Rhymes 
2018-02-05 12:27:33,620 INFO  [CreateSQA] Question Image is for Question No. 1 has been successfully uploaded...... 
2018-02-05 12:28:06,962 INFO  [CreateSQA] Question No. 1 has been created...... 
2018-02-05 12:28:34,403 INFO  [CreateSQA] Question Image is for Question No. 2 has been successfully uploaded...... 
2018-02-05 12:28:58,111 INFO  [CreateSQA] Question No. 2 has been created...... 
2018-02-05 12:29:01,358 INFO  [CreateSQA] Question Set is created.....  
2018-02-05 14:06:44,068 INFO  [CreateSQA] Initiate the Browser 
2018-02-05 14:06:52,458 INFO  [CreateSQA] Navigate to CDS Login page 
2018-02-05 14:08:02,434 INFO  [CreateSQA] Creating Questions for the Chapter : Rhymes 
2018-02-05 14:08:35,416 INFO  [CreateSQA] Question Image is for Question No. 1 has been successfully uploaded...... 
2018-02-05 14:09:06,276 INFO  [CreateSQA] Question No. 1 has been created...... 
2018-02-05 14:09:31,616 INFO  [CreateSQA] Question Image is for Question No. 2 has been successfully uploaded...... 
2018-02-05 14:09:55,946 INFO  [CreateSQA] Question No. 2 has been created...... 
2018-02-05 14:09:58,672 INFO  [CreateSQA] Question Set is created.....  
2018-02-05 14:12:49,408 INFO  [CreateSQA] Initiate the Browser 
2018-02-05 14:12:55,271 INFO  [CreateSQA] Navigate to CDS Login page 
2018-02-05 14:13:35,496 INFO  [CreateSQA] Creating Questions for the Chapter : Rhymes 
2018-02-05 14:14:08,360 INFO  [CreateSQA] Question Image is for Question No. 1 has been successfully uploaded...... 
2018-02-05 14:14:33,013 INFO  [CreateSQA] Question No. 1 has been created...... 
2018-02-05 14:14:57,986 INFO  [CreateSQA] Question Image is for Question No. 2 has been successfully uploaded...... 
2018-02-05 14:15:21,687 INFO  [CreateSQA] Question No. 2 has been created...... 
2018-02-05 14:15:23,569 INFO  [CreateSQA] Question Set is created.....  
2018-02-05 14:19:10,737 INFO  [CreateSQA] Initiate the Browser 
2018-02-05 14:19:13,706 INFO  [CreateSQA] Navigate to CDS Login page 
2018-02-05 14:19:44,238 INFO  [CreateSQA] Creating Questions for the Chapter : Rhymes 
2018-02-05 14:20:16,564 INFO  [CreateSQA] Question Image is for Question No. 1 has been successfully uploaded...... 
2018-02-05 14:20:43,692 INFO  [CreateSQA] Question No. 1 has been created...... 
2018-02-05 14:21:09,773 INFO  [CreateSQA] Question Image is for Question No. 2 has been successfully uploaded...... 
2018-02-05 14:21:33,436 INFO  [CreateSQA] Question No. 2 has been created...... 
2018-02-05 14:21:35,495 INFO  [CreateSQA] Question Set is created.....  
