2018-01-16 16:49:51,733 INFO  [CreateSQA] Initiate the Browser 
2018-01-16 16:50:37,854 INFO  [CreateSQA] Navigate to CDS Login page 
2018-01-16 16:52:08,891 INFO  [CreateSQA] Creating Questions for the Chapter : Materials: Metals And Non-Metals 
2018-01-16 16:52:35,707 INFO  [CreateSQA] Question No. 1 has been created...... 
2018-01-16 16:53:05,592 INFO  [CreateSQA] Question No. 2 has been created...... 
2018-01-16 16:53:33,243 INFO  [CreateSQA] Question No. 3 has been created...... 
2018-01-16 16:53:57,218 INFO  [CreateSQA] Question No. 4 has been created...... 
2018-01-16 16:54:24,131 INFO  [CreateSQA] Question No. 5 has been created...... 
2018-01-16 16:54:44,172 INFO  [CreateSQA] Question No. 6 has been created...... 
2018-01-16 16:55:11,791 INFO  [CreateSQA] Question No. 7 has been created...... 
2018-01-16 16:55:28,876 INFO  [CreateSQA] Question No. 8 has been created...... 
2018-01-16 16:55:32,286 INFO  [CreateSQA] Question Set is created.....  
2018-01-18 10:41:42,980 INFO  [CreateSQA] Initiate the Browser 
2018-01-18 10:41:52,382 INFO  [CreateSQA] Navigate to CDS Login page 
2018-01-18 10:42:35,066 INFO  [CreateSQA] Creating Questions for the Chapter : Materials: Metals And Non-Metals 
2018-01-18 10:43:23,259 INFO  [CreateSQA] Question No. 1 has been created...... 
2018-01-18 10:43:40,938 INFO  [CreateSQA] Question No. 2 has been created...... 
2018-01-18 10:43:59,269 INFO  [CreateSQA] Question No. 3 has been created...... 
2018-01-18 10:44:16,950 INFO  [CreateSQA] Question No. 4 has been created...... 
2018-01-18 10:44:32,969 INFO  [CreateSQA] Question No. 5 has been created...... 
2018-01-18 10:44:48,175 INFO  [CreateSQA] Question No. 6 has been created...... 
2018-01-18 10:45:04,013 INFO  [CreateSQA] Question No. 7 has been created...... 
2018-01-18 10:45:20,243 INFO  [CreateSQA] Question No. 8 has been created...... 
2018-01-18 10:45:46,089 INFO  [CreateSQA] Question No. 9 has been created...... 
2018-01-18 10:46:05,137 INFO  [CreateSQA] Question No. 10 has been created...... 
2018-01-18 10:46:07,136 INFO  [CreateSQA] Question Set is created.....  
2018-01-18 12:07:34,147 INFO  [CreateSQA] Initiate the Browser 
2018-01-18 12:07:40,377 INFO  [CreateSQA] Navigate to CDS Login page 
2018-01-18 12:45:19,823 INFO  [CreateSQA] Initiate the Browser 
2018-01-18 12:45:29,718 INFO  [CreateSQA] Navigate to CDS Login page 
2018-01-18 12:51:07,393 INFO  [CreateSQA] Initiate the Browser 
2018-01-18 12:51:20,106 INFO  [CreateSQA] Navigate to CDS Login page 
2018-01-18 12:52:43,814 INFO  [CreateSQA] Creating Questions for the Chapter : Rhymes 
2018-01-18 12:53:14,412 INFO  [CreateSQA] Question No. 1 has been created...... 
2018-01-18 12:53:37,171 INFO  [CreateSQA] Question No. 2 has been created...... 
2018-01-18 12:54:28,303 INFO  [CreateSQA] Question No. 3 has been created...... 
2018-01-18 12:54:52,812 INFO  [CreateSQA] Question No. 4 has been created...... 
2018-01-18 12:55:15,316 INFO  [CreateSQA] Question No. 5 has been created...... 
2018-01-18 12:55:39,334 INFO  [CreateSQA] Question No. 6 has been created...... 
2018-01-18 12:56:06,113 INFO  [CreateSQA] Question No. 7 has been created...... 
2018-01-18 12:56:41,564 INFO  [CreateSQA] Question No. 8 has been created...... 
2018-01-18 12:57:02,810 INFO  [CreateSQA] Question No. 9 has been created...... 
2018-01-18 12:57:22,907 INFO  [CreateSQA] Question No. 10 has been created...... 
2018-01-18 12:57:33,848 INFO  [CreateSQA] Question Set is created.....  
2018-01-18 13:02:58,157 INFO  [CreateSQA] Initiate the Browser 
2018-01-18 13:04:01,373 INFO  [CreateSQA] Navigate to CDS Login page 
2018-01-18 13:05:57,825 INFO  [CreateSQA] Creating Questions for the Chapter : Rhymes 
2018-01-18 14:11:33,962 INFO  [CreateSQA] Initiate the Browser 
2018-01-18 14:12:12,776 INFO  [CreateSQA] Navigate to CDS Login page 
2018-01-18 14:12:59,770 INFO  [CreateSQA] Creating Questions for the Chapter : Rhymes 
2018-01-18 14:15:01,606 INFO  [CreateSQA] Initiate the Browser 
2018-01-18 14:15:06,567 INFO  [CreateSQA] Navigate to CDS Login page 
2018-01-18 14:15:37,858 INFO  [CreateSQA] Creating Questions for the Chapter : Rhymes 
2018-01-18 14:17:40,619 INFO  [CreateSQA] Initiate the Browser 
2018-01-18 14:17:50,227 INFO  [CreateSQA] Navigate to CDS Login page 
2018-01-18 14:19:29,872 INFO  [CreateSQA] Initiate the Browser 
2018-01-18 14:19:33,507 INFO  [CreateSQA] Navigate to CDS Login page 
2018-01-18 14:19:59,943 INFO  [CreateSQA] Creating Questions for the Chapter : Action Words 
2018-01-18 14:20:16,145 INFO  [CreateSQA] Question No. 1 has been created...... 
2018-01-18 14:20:34,755 INFO  [CreateSQA] Question No. 2 has been created...... 
2018-01-18 14:20:51,646 INFO  [CreateSQA] Question No. 3 has been created...... 
2018-01-18 14:21:06,989 INFO  [CreateSQA] Question No. 4 has been created...... 
2018-01-18 14:21:22,795 INFO  [CreateSQA] Question No. 5 has been created...... 
2018-01-18 14:21:37,807 INFO  [CreateSQA] Question No. 6 has been created...... 
2018-01-18 14:21:53,409 INFO  [CreateSQA] Question No. 7 has been created...... 
2018-01-18 14:22:16,874 INFO  [CreateSQA] Question No. 8 has been created...... 
2018-01-18 14:22:33,249 INFO  [CreateSQA] Question No. 9 has been created...... 
2018-01-18 14:22:48,586 INFO  [CreateSQA] Question No. 10 has been created...... 
2018-01-18 14:22:51,195 INFO  [CreateSQA] Question Set is created.....  
2018-01-27 16:34:43,256 INFO  [CreateSQA] Initiate the Browser 
2018-01-27 16:34:48,236 INFO  [CreateSQA] Navigate to CDS Login page 
2018-01-27 16:35:28,287 INFO  [CreateSQA] Creating Questions for the Chapter : Rhymes 
2018-01-27 16:35:55,515 INFO  [CreateSQA] Question No. 1 has been created...... 
2018-01-27 16:36:13,989 INFO  [CreateSQA] Question No. 2 has been created...... 
2018-01-27 16:36:37,263 INFO  [CreateSQA] Question No. 3 has been created...... 
2018-01-27 16:36:56,462 INFO  [CreateSQA] Question No. 4 has been created...... 
2018-01-27 16:37:12,089 INFO  [CreateSQA] Question No. 5 has been created...... 
2018-01-27 16:37:27,603 INFO  [CreateSQA] Question No. 6 has been created...... 
2018-01-27 16:37:46,801 INFO  [CreateSQA] Question No. 7 has been created...... 
2018-01-27 16:38:07,804 INFO  [CreateSQA] Question No. 8 has been created...... 
2018-01-27 16:38:28,386 INFO  [CreateSQA] Question No. 9 has been created...... 
2018-01-27 16:38:56,722 INFO  [CreateSQA] Question No. 10 has been created...... 
2018-01-27 16:38:59,096 INFO  [CreateSQA] Question Set is created.....  
2018-01-27 16:39:12,219 INFO  [CreateSQA] Creating Questions for the Chapter : My House 
2018-01-27 16:39:34,728 INFO  [CreateSQA] Question No. 1 has been created...... 
2018-01-27 16:39:58,802 INFO  [CreateSQA] Question No. 2 has been created...... 
2018-01-27 16:40:19,172 INFO  [CreateSQA] Question No. 3 has been created...... 
2018-01-27 16:40:36,336 INFO  [CreateSQA] Question No. 4 has been created...... 
2018-01-27 16:41:01,520 INFO  [CreateSQA] Question No. 5 has been created...... 
2018-01-27 16:41:20,452 INFO  [CreateSQA] Question No. 6 has been created...... 
2018-01-27 16:41:38,324 INFO  [CreateSQA] Question No. 7 has been created...... 
2018-01-27 16:41:59,108 INFO  [CreateSQA] Question No. 8 has been created...... 
2018-01-27 16:42:19,106 INFO  [CreateSQA] Question No. 9 has been created...... 
2018-01-27 16:42:38,431 INFO  [CreateSQA] Question No. 10 has been created...... 
2018-01-27 16:42:40,543 INFO  [CreateSQA] Question Set is created.....  
2018-01-27 16:42:59,353 INFO  [CreateSQA] Creating Questions for the Chapter : Pre Number Concepts 
2018-01-27 16:43:20,857 INFO  [CreateSQA] Question No. 1 has been created...... 
2018-01-27 16:43:41,868 INFO  [CreateSQA] Question No. 2 has been created...... 
2018-01-27 16:44:04,024 INFO  [CreateSQA] Question No. 3 has been created...... 
2018-01-27 16:44:24,381 INFO  [CreateSQA] Question No. 4 has been created...... 
2018-01-27 16:44:43,773 INFO  [CreateSQA] Question No. 5 has been created...... 
2018-01-27 16:45:03,173 INFO  [CreateSQA] Question No. 6 has been created...... 
2018-01-27 16:45:23,604 INFO  [CreateSQA] Question No. 7 has been created...... 
2018-01-27 16:45:44,679 INFO  [CreateSQA] Question No. 8 has been created...... 
2018-01-27 16:46:04,156 INFO  [CreateSQA] Question No. 9 has been created...... 
2018-01-27 16:46:21,257 INFO  [CreateSQA] Question No. 10 has been created...... 
2018-01-27 16:46:23,084 INFO  [CreateSQA] Question Set is created.....  
2018-01-27 16:46:29,805 INFO  [CreateSQA] Creating Questions for the Chapter : Shapes 
2018-01-27 16:46:49,885 INFO  [CreateSQA] Question No. 1 has been created...... 
2018-01-27 16:47:09,503 INFO  [CreateSQA] Question No. 2 has been created...... 
2018-01-27 16:47:28,245 INFO  [CreateSQA] Question No. 3 has been created...... 
2018-01-27 16:47:48,470 INFO  [CreateSQA] Question No. 4 has been created...... 
2018-01-27 16:48:10,977 INFO  [CreateSQA] Question No. 5 has been created...... 
2018-01-27 16:48:35,989 INFO  [CreateSQA] Question No. 6 has been created...... 
2018-01-27 16:48:58,368 INFO  [CreateSQA] Question No. 7 has been created...... 
2018-01-27 16:49:20,060 INFO  [CreateSQA] Question No. 8 has been created...... 
2018-01-27 16:49:40,620 INFO  [CreateSQA] Question No. 9 has been created...... 
2018-01-27 16:49:59,777 INFO  [CreateSQA] Question No. 10 has been created...... 
2018-01-27 16:50:01,453 INFO  [CreateSQA] Question Set is created.....  
2018-01-27 16:50:12,243 INFO  [CreateSQA] Creating Questions for the Chapter : Numbers 
2018-01-27 16:50:37,596 INFO  [CreateSQA] Question No. 1 has been created...... 
2018-01-27 16:50:59,569 INFO  [CreateSQA] Question No. 2 has been created...... 
2018-01-27 16:51:20,914 INFO  [CreateSQA] Question No. 3 has been created...... 
2018-01-27 16:51:41,767 INFO  [CreateSQA] Question No. 4 has been created...... 
2018-01-27 16:52:03,789 INFO  [CreateSQA] Question No. 5 has been created...... 
2018-01-27 16:52:25,725 INFO  [CreateSQA] Question No. 6 has been created...... 
2018-01-27 16:52:46,246 INFO  [CreateSQA] Question No. 7 has been created...... 
2018-01-27 16:53:10,215 INFO  [CreateSQA] Question No. 8 has been created...... 
2018-01-27 16:53:33,477 INFO  [CreateSQA] Question No. 9 has been created...... 
2018-01-27 16:53:52,927 INFO  [CreateSQA] Question No. 10 has been created...... 
2018-01-27 16:53:54,872 INFO  [CreateSQA] Question Set is created.....  
2018-01-27 16:58:20,609 INFO  [CreateSQA] Initiate the Browser 
2018-01-27 16:58:24,596 INFO  [CreateSQA] Navigate to CDS Login page 
2018-01-27 16:58:49,203 INFO  [CreateSQA] Creating Questions for the Chapter : Rhymes 
2018-01-27 16:59:12,895 INFO  [CreateSQA] Question No. 1 has been created...... 
2018-01-27 16:59:31,592 INFO  [CreateSQA] Question No. 2 has been created...... 
2018-01-27 16:59:52,191 INFO  [CreateSQA] Question No. 3 has been created...... 
2018-01-27 17:00:12,626 INFO  [CreateSQA] Question No. 4 has been created...... 
2018-01-27 17:00:30,742 INFO  [CreateSQA] Question No. 5 has been created...... 
2018-01-27 17:00:45,525 INFO  [CreateSQA] Question No. 6 has been created...... 
2018-01-27 17:01:05,234 INFO  [CreateSQA] Question No. 7 has been created...... 
2018-01-27 17:01:21,956 INFO  [CreateSQA] Question No. 8 has been created...... 
2018-01-27 17:01:38,528 INFO  [CreateSQA] Question No. 9 has been created...... 
2018-01-27 17:01:57,151 INFO  [CreateSQA] Question No. 10 has been created...... 
2018-01-27 17:02:04,886 INFO  [CreateSQA] Question Set is created.....  
2018-01-27 17:02:23,808 INFO  [CreateSQA] Creating Questions for the Chapter : My House 
2018-01-27 17:02:43,016 INFO  [CreateSQA] Question No. 1 has been created...... 
2018-01-27 17:03:01,819 INFO  [CreateSQA] Question No. 2 has been created...... 
2018-01-27 17:03:21,476 INFO  [CreateSQA] Question No. 3 has been created...... 
2018-01-27 17:03:37,891 INFO  [CreateSQA] Question No. 4 has been created...... 
2018-01-27 17:03:54,069 INFO  [CreateSQA] Question No. 5 has been created...... 
2018-01-27 17:04:11,575 INFO  [CreateSQA] Question No. 6 has been created...... 
2018-01-27 17:04:42,801 INFO  [CreateSQA] Question No. 7 has been created...... 
2018-01-27 17:04:58,561 INFO  [CreateSQA] Question No. 8 has been created...... 
2018-01-27 17:05:20,189 INFO  [CreateSQA] Question No. 9 has been created...... 
2018-01-27 17:05:38,678 INFO  [CreateSQA] Question No. 10 has been created...... 
2018-01-27 17:05:40,487 INFO  [CreateSQA] Question Set is created.....  
2018-01-27 17:06:01,360 INFO  [CreateSQA] Creating Questions for the Chapter : Pre Number Concepts 
2018-01-27 17:06:18,592 INFO  [CreateSQA] Question No. 1 has been created...... 
2018-01-27 17:06:37,347 INFO  [CreateSQA] Question No. 2 has been created...... 
2018-01-27 17:06:52,834 INFO  [CreateSQA] Question No. 3 has been created...... 
2018-01-27 17:07:12,113 INFO  [CreateSQA] Question No. 4 has been created...... 
2018-01-27 17:07:33,154 INFO  [CreateSQA] Question No. 5 has been created...... 
2018-01-27 17:07:48,599 INFO  [CreateSQA] Question No. 6 has been created...... 
2018-01-27 17:08:06,268 INFO  [CreateSQA] Question No. 7 has been created...... 
2018-01-27 17:08:24,603 INFO  [CreateSQA] Question No. 8 has been created...... 
2018-01-27 17:08:48,554 INFO  [CreateSQA] Question No. 9 has been created...... 
2018-01-27 17:09:05,792 INFO  [CreateSQA] Question No. 10 has been created...... 
2018-01-27 17:09:09,639 INFO  [CreateSQA] Question Set is created.....  
2018-01-27 17:09:16,448 INFO  [CreateSQA] Creating Questions for the Chapter : Shapes 
2018-01-27 17:09:34,598 INFO  [CreateSQA] Question No. 1 has been created...... 
2018-01-27 17:09:58,343 INFO  [CreateSQA] Question No. 2 has been created...... 
2018-01-27 17:10:36,043 INFO  [CreateSQA] Question No. 3 has been created...... 
2018-01-27 17:10:54,008 INFO  [CreateSQA] Question No. 4 has been created...... 
2018-01-27 17:11:10,243 INFO  [CreateSQA] Question No. 5 has been created...... 
2018-01-27 17:11:24,386 INFO  [CreateSQA] Question No. 6 has been created...... 
2018-01-27 17:11:40,525 INFO  [CreateSQA] Question No. 7 has been created...... 
2018-01-27 17:12:18,797 INFO  [CreateSQA] Question No. 8 has been created...... 
2018-01-27 17:12:49,726 INFO  [CreateSQA] Question No. 9 has been created...... 
2018-01-27 17:13:06,861 INFO  [CreateSQA] Question No. 10 has been created...... 
2018-01-27 17:13:20,506 INFO  [CreateSQA] Question Set is created.....  
2018-01-27 17:13:34,679 INFO  [CreateSQA] Creating Questions for the Chapter : Numbers 
2018-01-27 17:13:52,832 INFO  [CreateSQA] Question No. 1 has been created...... 
2018-01-27 17:14:26,724 INFO  [CreateSQA] Question No. 2 has been created...... 
2018-01-27 17:14:45,597 INFO  [CreateSQA] Question No. 3 has been created...... 
2018-01-27 17:15:01,017 INFO  [CreateSQA] Question No. 4 has been created...... 
2018-01-27 17:15:19,688 INFO  [CreateSQA] Question No. 5 has been created...... 
2018-01-27 17:15:34,808 INFO  [CreateSQA] Question No. 6 has been created...... 
2018-01-27 17:15:49,855 INFO  [CreateSQA] Question No. 7 has been created...... 
2018-01-27 17:16:06,909 INFO  [CreateSQA] Question No. 8 has been created...... 
2018-01-27 17:16:22,975 INFO  [CreateSQA] Question No. 9 has been created...... 
2018-01-27 17:16:38,862 INFO  [CreateSQA] Question No. 10 has been created...... 
2018-01-27 17:16:40,722 INFO  [CreateSQA] Question Set is created.....  
2018-01-27 17:22:34,767 INFO  [CreateSQA] Initiate the Browser 
2018-01-27 17:22:38,011 INFO  [CreateSQA] Navigate to CDS Login page 
2018-01-27 17:22:58,849 INFO  [CreateSQA] Creating Questions for the Chapter : Rhymes 
2018-01-27 17:23:55,188 INFO  [CreateSQA] Initiate the Browser 
2018-01-27 17:24:01,612 INFO  [CreateSQA] Navigate to CDS Login page 
2018-01-27 17:24:44,184 INFO  [CreateSQA] Creating Questions for the Chapter : Rhymes 
2018-01-27 17:25:15,932 INFO  [CreateSQA] Question No. 1 has been created...... 
2018-01-27 17:25:49,135 INFO  [CreateSQA] Question No. 2 has been created...... 
2018-01-27 17:26:15,798 INFO  [CreateSQA] Question No. 3 has been created...... 
2018-01-27 17:26:38,246 INFO  [CreateSQA] Question No. 4 has been created...... 
2018-01-27 17:26:58,564 INFO  [CreateSQA] Question No. 5 has been created...... 
2018-01-27 17:27:21,850 INFO  [CreateSQA] Question No. 6 has been created...... 
2018-01-27 17:27:41,635 INFO  [CreateSQA] Question No. 7 has been created...... 
2018-01-27 17:28:08,936 INFO  [CreateSQA] Question No. 8 has been created...... 
2018-01-27 17:28:46,252 INFO  [CreateSQA] Question No. 9 has been created...... 
2018-01-27 17:29:13,020 INFO  [CreateSQA] Question No. 10 has been created...... 
2018-01-27 17:29:20,875 INFO  [CreateSQA] Question Set is created.....  
2018-01-27 17:36:17,544 INFO  [CreateSQA] Initiate the Browser 
2018-01-27 17:36:22,576 INFO  [CreateSQA] Navigate to CDS Login page 
2018-01-27 17:37:40,819 INFO  [CreateSQA] Initiate the Browser 
2018-01-27 17:37:43,660 INFO  [CreateSQA] Navigate to CDS Login page 
2018-01-27 17:39:06,903 INFO  [CreateSQA] Initiate the Browser 
2018-01-27 17:39:10,064 INFO  [CreateSQA] Navigate to CDS Login page 
2018-01-27 17:39:31,560 INFO  [CreateSQA] Creating Questions for the Chapter : Rhymes 
2018-01-27 17:39:51,995 INFO  [CreateSQA] Question No. 1 has been created...... 
2018-01-27 17:40:10,216 INFO  [CreateSQA] Question No. 2 has been created...... 
2018-01-27 17:40:12,263 INFO  [CreateSQA] Question Set is created.....  
2018-01-27 17:45:43,661 INFO  [CreateSQA] Initiate the Browser 
2018-01-27 17:45:45,653 INFO  [CreateSQA] Navigate to CDS Login page 
2018-01-27 17:46:05,257 INFO  [CreateSQA] Creating Questions for the Chapter : Rhymes 
2018-01-27 17:46:27,428 INFO  [CreateSQA] Question No. 1 has been created...... 
2018-01-27 17:46:45,056 INFO  [CreateSQA] Question No. 2 has been created...... 
2018-01-27 17:46:47,202 INFO  [CreateSQA] Question Set is created.....  
2018-01-27 17:46:54,368 INFO  [CreateSQA] Creating Questions for the Chapter : Letters A To Z 
2018-01-27 17:47:29,096 INFO  [CreateSQA] Question No. 1 has been created...... 
2018-01-27 17:48:13,764 INFO  [CreateSQA] Question No. 2 has been created...... 
2018-01-27 17:48:22,160 INFO  [CreateSQA] Question Set is created.....  
2018-01-29 09:37:17,760 INFO  [CreateSQA] Initiate the Browser 
2018-01-29 09:37:22,023 INFO  [CreateSQA] Navigate to CDS Login page 
2018-01-29 09:38:21,978 INFO  [CreateSQA] Creating Questions for the Chapter : Rhymes 
2018-01-29 09:38:57,487 INFO  [CreateSQA] Question No. 1 has been created...... 
2018-01-29 09:39:20,632 INFO  [CreateSQA] Question No. 2 has been created...... 
2018-01-29 09:40:17,884 INFO  [CreateSQA] Question No. 3 has been created...... 
2018-01-29 09:41:07,071 INFO  [CreateSQA] Question No. 4 has been created...... 
2018-01-29 09:41:43,548 INFO  [CreateSQA] Question No. 5 has been created...... 




2018-01-29 09:48:11,945 INFO  [CreateSQA] Initiate the Browser 
2018-01-29 09:48:18,091 INFO  [CreateSQA] Navigate to CDS Login page 
2018-01-29 09:49:10,676 INFO  [CreateSQA] Creating Questions for the Chapter : Rhymes 
2018-01-29 09:49:39,707 INFO  [CreateSQA] Question No. 1 has been created...... 
2018-01-29 09:50:04,090 INFO  [CreateSQA] Question No. 2 has been created...... 
2018-01-29 09:50:28,066 INFO  [CreateSQA] Question No. 3 has been created...... 
2018-01-29 09:50:57,270 INFO  [CreateSQA] Question No. 4 has been created...... 
2018-01-29 09:51:17,897 INFO  [CreateSQA] Question No. 5 has been created...... 
2018-01-29 09:51:35,615 INFO  [CreateSQA] Question No. 6 has been created...... 
2018-01-29 09:51:59,055 INFO  [CreateSQA] Question No. 7 has been created...... 
2018-01-29 09:52:21,407 INFO  [CreateSQA] Question No. 8 has been created...... 
2018-01-29 09:52:42,501 INFO  [CreateSQA] Question No. 9 has been created...... 
2018-01-29 09:53:03,491 INFO  [CreateSQA] Question No. 10 has been created...... 
2018-01-29 09:53:07,828 INFO  [CreateSQA] Question Set is created.....  
2018-01-29 09:53:17,520 INFO  [CreateSQA] Creating Questions for the Chapter : Letters A To Z 
2018-01-29 09:53:43,755 INFO  [CreateSQA] Question No. 1 has been created...... 
2018-01-29 09:54:09,243 INFO  [CreateSQA] Question No. 2 has been created...... 
2018-01-29 09:54:36,323 INFO  [CreateSQA] Question No. 3 has been created...... 
2018-01-29 09:54:59,614 INFO  [CreateSQA] Question No. 4 has been created...... 
2018-01-29 09:55:22,662 INFO  [CreateSQA] Question No. 5 has been created...... 
2018-01-29 09:55:41,380 INFO  [CreateSQA] Question No. 6 has been created...... 
2018-01-29 09:56:03,028 INFO  [CreateSQA] Question No. 7 has been created...... 
2018-01-29 09:56:29,774 INFO  [CreateSQA] Question No. 8 has been created...... 
2018-01-29 09:56:50,178 INFO  [CreateSQA] Question No. 9 has been created...... 
2018-01-29 09:57:10,740 INFO  [CreateSQA] Question No. 10 has been created...... 
2018-01-29 09:57:15,648 INFO  [CreateSQA] Question Set is created.....  
2018-01-29 09:57:40,221 INFO  [CreateSQA] Creating Questions for the Chapter : My House 
2018-01-29 09:58:08,374 INFO  [CreateSQA] Question No. 1 has been created...... 
2018-01-29 09:58:33,287 INFO  [CreateSQA] Question No. 2 has been created...... 
2018-01-29 09:58:53,644 INFO  [CreateSQA] Question No. 3 has been created...... 
2018-01-29 09:59:12,621 INFO  [CreateSQA] Question No. 4 has been created...... 
2018-01-29 09:59:33,529 INFO  [CreateSQA] Question No. 5 has been created...... 
2018-01-29 09:59:57,504 INFO  [CreateSQA] Question No. 6 has been created...... 
2018-01-29 10:00:18,205 INFO  [CreateSQA] Question No. 7 has been created...... 
2018-01-29 10:00:42,625 INFO  [CreateSQA] Question No. 8 has been created...... 
2018-01-29 10:00:46,967 INFO  [CreateSQA] Question Set is created.....  
2018-01-29 10:01:11,671 INFO  [CreateSQA] Creating Questions for the Chapter : Good Manners And Habits 
2018-01-29 10:01:39,165 INFO  [CreateSQA] Question No. 1 has been created...... 
2018-01-29 10:02:00,651 INFO  [CreateSQA] Question No. 2 has been created...... 
2018-01-29 10:02:22,124 INFO  [CreateSQA] Question No. 3 has been created...... 
2018-01-29 10:02:41,376 INFO  [CreateSQA] Question No. 4 has been created...... 
2018-01-29 10:03:02,662 INFO  [CreateSQA] Question No. 5 has been created...... 
2018-01-29 10:03:27,445 INFO  [CreateSQA] Question No. 6 has been created...... 
2018-01-29 10:03:48,857 INFO  [CreateSQA] Question No. 7 has been created...... 
2018-01-29 10:04:07,333 INFO  [CreateSQA] Question No. 8 has been created...... 
2018-01-29 10:04:11,904 INFO  [CreateSQA] Question Set is created.....  
2018-01-29 10:04:20,381 INFO  [CreateSQA] Creating Questions for the Chapter : Pre Number Concepts 
2018-01-29 10:04:49,704 INFO  [CreateSQA] Question No. 1 has been created...... 
2018-01-29 10:05:12,414 INFO  [CreateSQA] Question No. 2 has been created...... 
2018-01-29 10:05:33,803 INFO  [CreateSQA] Question No. 3 has been created...... 
2018-01-29 10:05:55,625 INFO  [CreateSQA] Question No. 4 has been created...... 
2018-01-29 10:06:15,877 INFO  [CreateSQA] Question No. 5 has been created...... 
2018-01-29 10:06:33,171 INFO  [CreateSQA] Question No. 6 has been created...... 
2018-01-29 10:06:55,341 INFO  [CreateSQA] Question No. 7 has been created...... 
2018-01-29 10:07:18,853 INFO  [CreateSQA] Question No. 8 has been created...... 
2018-01-29 10:07:39,921 INFO  [CreateSQA] Question No. 9 has been created...... 
2018-01-29 10:08:08,495 INFO  [CreateSQA] Question No. 10 has been created...... 
2018-01-29 10:08:12,705 INFO  [CreateSQA] Question Set is created.....  
2018-01-29 10:08:21,684 INFO  [CreateSQA] Creating Questions for the Chapter : Shapes 
2018-01-29 10:08:47,284 INFO  [CreateSQA] Question No. 1 has been created...... 
2018-01-29 10:09:12,005 INFO  [CreateSQA] Question No. 2 has been created...... 
2018-01-29 10:09:33,774 INFO  [CreateSQA] Question No. 3 has been created...... 
2018-01-29 10:09:56,879 INFO  [CreateSQA] Question No. 4 has been created...... 
2018-01-29 10:10:17,728 INFO  [CreateSQA] Question No. 5 has been created...... 
2018-01-29 10:10:34,991 INFO  [CreateSQA] Question No. 6 has been created...... 
2018-01-29 10:10:55,489 INFO  [CreateSQA] Question No. 7 has been created...... 
2018-01-29 10:11:18,288 INFO  [CreateSQA] Question No. 8 has been created...... 
2018-01-29 10:11:38,536 INFO  [CreateSQA] Question No. 9 has been created...... 
2018-01-29 10:11:56,535 INFO  [CreateSQA] Question No. 10 has been created...... 
2018-01-29 10:12:00,577 INFO  [CreateSQA] Question Set is created.....  
2018-01-29 10:12:08,884 INFO  [CreateSQA] Creating Questions for the Chapter : Numbers 
2018-01-29 10:12:34,089 INFO  [CreateSQA] Question No. 1 has been created...... 
2018-01-29 10:12:56,526 INFO  [CreateSQA] Question No. 2 has been created...... 
2018-01-29 10:13:19,270 INFO  [CreateSQA] Question No. 3 has been created...... 
2018-01-29 10:13:40,964 INFO  [CreateSQA] Question No. 4 has been created...... 
2018-01-29 10:14:02,443 INFO  [CreateSQA] Question No. 5 has been created...... 
2018-01-29 10:14:20,157 INFO  [CreateSQA] Question No. 6 has been created...... 
2018-01-29 10:14:42,162 INFO  [CreateSQA] Question No. 7 has been created...... 
2018-01-29 10:15:04,598 INFO  [CreateSQA] Question No. 8 has been created...... 
2018-01-29 10:15:24,050 INFO  [CreateSQA] Question No. 9 has been created...... 
2018-01-29 10:15:42,150 INFO  [CreateSQA] Question No. 10 has been created...... 
2018-01-29 10:15:46,514 INFO  [CreateSQA] Question Set is created.....  
2018-01-29 10:16:10,896 INFO  [CreateSQA] Creating Questions for the Chapter : Colours 
2018-01-29 10:16:37,850 INFO  [CreateSQA] Question No. 1 has been created...... 
2018-01-29 10:16:59,027 INFO  [CreateSQA] Question No. 2 has been created...... 
2018-01-29 10:17:20,028 INFO  [CreateSQA] Question No. 3 has been created...... 
2018-01-29 10:17:38,676 INFO  [CreateSQA] Question No. 4 has been created...... 
2018-01-29 10:18:00,783 INFO  [CreateSQA] Question No. 5 has been created...... 
2018-01-29 10:18:27,808 INFO  [CreateSQA] Question No. 6 has been created...... 
2018-01-29 10:18:49,207 INFO  [CreateSQA] Question No. 7 has been created...... 
2018-01-29 10:19:08,123 INFO  [CreateSQA] Question No. 8 has been created...... 
2018-01-29 10:19:12,178 INFO  [CreateSQA] Question Set is created.....  
2018-01-29 10:19:19,922 INFO  [CreateSQA] Creating Questions for the Chapter : Sounds 
2018-01-29 10:19:46,053 INFO  [CreateSQA] Question No. 1 has been created...... 
2018-01-29 10:20:09,882 INFO  [CreateSQA] Question No. 2 has been created...... 
2018-01-29 10:20:31,862 INFO  [CreateSQA] Question No. 3 has been created...... 
2018-01-29 10:20:53,470 INFO  [CreateSQA] Question No. 4 has been created...... 
2018-01-29 10:21:17,359 INFO  [CreateSQA] Question No. 5 has been created...... 
2018-01-29 10:21:36,340 INFO  [CreateSQA] Question No. 6 has been created...... 
2018-01-29 10:21:54,914 INFO  [CreateSQA] Question No. 7 has been created...... 
2018-01-29 10:22:12,688 INFO  [CreateSQA] Question No. 8 has been created...... 
2018-01-29 10:22:29,468 INFO  [CreateSQA] Question No. 9 has been created...... 
2018-01-29 10:22:45,054 INFO  [CreateSQA] Question No. 10 has been created...... 
2018-01-29 10:22:47,289 INFO  [CreateSQA] Question Set is created.....  
2018-01-29 10:22:54,131 INFO  [CreateSQA] Creating Questions for the Chapter : Letters 
2018-01-29 10:23:16,367 INFO  [CreateSQA] Question No. 1 has been created...... 
2018-01-29 10:23:33,584 INFO  [CreateSQA] Question No. 2 has been created...... 
2018-01-29 10:23:50,406 INFO  [CreateSQA] Question No. 3 has been created...... 
2018-01-29 10:24:08,020 INFO  [CreateSQA] Question No. 4 has been created...... 
2018-01-29 10:24:24,759 INFO  [CreateSQA] Question No. 5 has been created...... 
2018-01-29 10:24:40,348 INFO  [CreateSQA] Question No. 6 has been created...... 
2018-01-29 10:24:56,985 INFO  [CreateSQA] Question No. 7 has been created...... 
2018-01-29 10:25:14,863 INFO  [CreateSQA] Question No. 8 has been created...... 
2018-01-29 10:25:31,381 INFO  [CreateSQA] Question No. 9 has been created...... 
2018-01-29 10:25:46,596 INFO  [CreateSQA] Question No. 10 has been created...... 
2018-01-29 10:25:49,051 INFO  [CreateSQA] Question Set is created.....  
